<?xml version="1.0" encoding="UTF-8"?>
<testsuite xmlns:xsi="http://www.w3.org/2001/XMLSchema-instance" xsi:noNamespaceSchemaLocation="https://maven.apache.org/surefire/maven-surefire-plugin/xsd/surefire-test-report-3.0.xsd" version="3.0" name="tn.esprit.tpfoyer17.JunitTest" time="12.947" tests="5" errors="0" skipped="0" failures="0">
  <properties>
    <property name="java.specification.version" value="20"/>
    <property name="sun.cpu.isalist" value="amd64"/>
    <property name="sun.jnu.encoding" value="Cp1252"/>
    <property name="java.class.path" value="C:\Users\hama\Desktop\Tp-Foyer\target\test-classes;C:\Users\hama\Desktop\Tp-Foyer\target\classes;C:\Users\hama\.m2\repository\org\springframework\boot\spring-boot-starter-data-jpa\3.1.3\spring-boot-starter-data-jpa-3.1.3.jar;C:\Users\hama\.m2\repository\org\springframework\boot\spring-boot-starter-aop\3.1.3\spring-boot-starter-aop-3.1.3.jar;C:\Users\hama\.m2\repository\org\springframework\spring-aop\6.0.11\spring-aop-6.0.11.jar;C:\Users\hama\.m2\repository\org\aspectj\aspectjweaver\1.9.20\aspectjweaver-1.9.20.jar;C:\Users\hama\.m2\repository\org\springframework\boot\spring-boot-starter-jdbc\3.1.3\spring-boot-starter-jdbc-3.1.3.jar;C:\Users\hama\.m2\repository\com\zaxxer\HikariCP\5.0.1\HikariCP-5.0.1.jar;C:\Users\hama\.m2\repository\org\springframework\spring-jdbc\6.0.11\spring-jdbc-6.0.11.jar;C:\Users\hama\.m2\repository\org\hibernate\orm\hibernate-core\6.2.7.Final\hibernate-core-6.2.7.Final.jar;C:\Users\hama\.m2\repository\jakarta\persistence\jakarta.persistence-api\3.1.0\jakarta.persistence-api-3.1.0.jar;C:\Users\hama\.m2\repository\jakarta\transaction\jakarta.transaction-api\2.0.1\jakarta.transaction-api-2.0.1.jar;C:\Users\hama\.m2\repository\org\jboss\logging\jboss-logging\3.5.3.Final\jboss-logging-3.5.3.Final.jar;C:\Users\hama\.m2\repository\org\hibernate\common\hibernate-commons-annotations\6.0.6.Final\hibernate-commons-annotations-6.0.6.Final.jar;C:\Users\hama\.m2\repository\io\smallrye\jandex\3.0.5\jandex-3.0.5.jar;C:\Users\hama\.m2\repository\com\fasterxml\classmate\1.5.1\classmate-1.5.1.jar;C:\Users\hama\.m2\repository\org\glassfish\jaxb\jaxb-runtime\4.0.3\jaxb-runtime-4.0.3.jar;C:\Users\hama\.m2\repository\org\glassfish\jaxb\jaxb-core\4.0.3\jaxb-core-4.0.3.jar;C:\Users\hama\.m2\repository\org\eclipse\angus\angus-activation\2.0.1\angus-activation-2.0.1.jar;C:\Users\hama\.m2\repository\org\glassfish\jaxb\txw2\4.0.3\txw2-4.0.3.jar;C:\Users\hama\.m2\repository\com\sun\istack\istack-commons-runtime\4.1.2\istack-commons-runtime-4.1.2.jar;C:\Users\hama\.m2\repository\jakarta\inject\jakarta.inject-api\2.0.1\jakarta.inject-api-2.0.1.jar;C:\Users\hama\.m2\repository\org\antlr\antlr4-runtime\4.10.1\antlr4-runtime-4.10.1.jar;C:\Users\hama\.m2\repository\org\springframework\data\spring-data-jpa\3.1.3\spring-data-jpa-3.1.3.jar;C:\Users\hama\.m2\repository\org\springframework\data\spring-data-commons\3.1.3\spring-data-commons-3.1.3.jar;C:\Users\hama\.m2\repository\org\springframework\spring-orm\6.0.11\spring-orm-6.0.11.jar;C:\Users\hama\.m2\repository\org\springframework\spring-context\6.0.11\spring-context-6.0.11.jar;C:\Users\hama\.m2\repository\org\springframework\spring-tx\6.0.11\spring-tx-6.0.11.jar;C:\Users\hama\.m2\repository\org\springframework\spring-beans\6.0.11\spring-beans-6.0.11.jar;C:\Users\hama\.m2\repository\jakarta\annotation\jakarta.annotation-api\2.1.1\jakarta.annotation-api-2.1.1.jar;C:\Users\hama\.m2\repository\org\slf4j\slf4j-api\2.0.7\slf4j-api-2.0.7.jar;C:\Users\hama\.m2\repository\org\springframework\spring-aspects\6.0.11\spring-aspects-6.0.11.jar;C:\Users\hama\.m2\repository\org\springframework\boot\spring-boot-starter-web\3.1.3\spring-boot-starter-web-3.1.3.jar;C:\Users\hama\.m2\repository\org\springframework\boot\spring-boot-starter\3.1.3\spring-boot-starter-3.1.3.jar;C:\Users\hama\.m2\repository\org\springframework\boot\spring-boot-starter-logging\3.1.3\spring-boot-starter-logging-3.1.3.jar;C:\Users\hama\.m2\repository\ch\qos\logback\logback-classic\1.4.11\logback-classic-1.4.11.jar;C:\Users\hama\.m2\repository\ch\qos\logback\logback-core\1.4.11\logback-core-1.4.11.jar;C:\Users\hama\.m2\repository\org\apache\logging\log4j\log4j-to-slf4j\2.20.0\log4j-to-slf4j-2.20.0.jar;C:\Users\hama\.m2\repository\org\apache\logging\log4j\log4j-api\2.20.0\log4j-api-2.20.0.jar;C:\Users\hama\.m2\repository\org\slf4j\jul-to-slf4j\2.0.7\jul-to-slf4j-2.0.7.jar;C:\Users\hama\.m2\repository\org\yaml\snakeyaml\1.33\snakeyaml-1.33.jar;C:\Users\hama\.m2\repository\org\springframework\boot\spring-boot-starter-json\3.1.3\spring-boot-starter-json-3.1.3.jar;C:\Users\hama\.m2\repository\com\fasterxml\jackson\core\jackson-databind\2.15.2\jackson-databind-2.15.2.jar;C:\Users\hama\.m2\repository\com\fasterxml\jackson\core\jackson-annotations\2.15.2\jackson-annotations-2.15.2.jar;C:\Users\hama\.m2\repository\com\fasterxml\jackson\core\jackson-core\2.15.2\jackson-core-2.15.2.jar;C:\Users\hama\.m2\repository\com\fasterxml\jackson\datatype\jackson-datatype-jdk8\2.15.2\jackson-datatype-jdk8-2.15.2.jar;C:\Users\hama\.m2\repository\com\fasterxml\jackson\datatype\jackson-datatype-jsr310\2.15.2\jackson-datatype-jsr310-2.15.2.jar;C:\Users\hama\.m2\repository\com\fasterxml\jackson\module\jackson-module-parameter-names\2.15.2\jackson-module-parameter-names-2.15.2.jar;C:\Users\hama\.m2\repository\org\springframework\boot\spring-boot-starter-tomcat\3.1.3\spring-boot-starter-tomcat-3.1.3.jar;C:\Users\hama\.m2\repository\org\apache\tomcat\embed\tomcat-embed-core\10.1.12\tomcat-embed-core-10.1.12.jar;C:\Users\hama\.m2\repository\org\apache\tomcat\embed\tomcat-embed-el\10.1.12\tomcat-embed-el-10.1.12.jar;C:\Users\hama\.m2\repository\org\apache\tomcat\embed\tomcat-embed-websocket\10.1.12\tomcat-embed-websocket-10.1.12.jar;C:\Users\hama\.m2\repository\org\springframework\spring-web\6.0.11\spring-web-6.0.11.jar;C:\Users\hama\.m2\repository\io\micrometer\micrometer-observation\1.11.3\micrometer-observation-1.11.3.jar;C:\Users\hama\.m2\repository\io\micrometer\micrometer-commons\1.11.3\micrometer-commons-1.11.3.jar;C:\Users\hama\.m2\repository\org\springframework\spring-webmvc\6.0.11\spring-webmvc-6.0.11.jar;C:\Users\hama\.m2\repository\org\springframework\spring-expression\6.0.11\spring-expression-6.0.11.jar;C:\Users\hama\.m2\repository\org\springdoc\springdoc-openapi-starter-webmvc-ui\2.0.0\springdoc-openapi-starter-webmvc-ui-2.0.0.jar;C:\Users\hama\.m2\repository\org\springdoc\springdoc-openapi-starter-webmvc-api\2.0.0\springdoc-openapi-starter-webmvc-api-2.0.0.jar;C:\Users\hama\.m2\repository\org\springdoc\springdoc-openapi-starter-common\2.0.0\springdoc-openapi-starter-common-2.0.0.jar;C:\Users\hama\.m2\repository\io\swagger\core\v3\swagger-core-jakarta\2.2.7\swagger-core-jakarta-2.2.7.jar;C:\Users\hama\.m2\repository\org\apache\commons\commons-lang3\3.12.0\commons-lang3-3.12.0.jar;C:\Users\hama\.m2\repository\io\swagger\core\v3\swagger-annotations-jakarta\2.2.7\swagger-annotations-jakarta-2.2.7.jar;C:\Users\hama\.m2\repository\io\swagger\core\v3\swagger-models-jakarta\2.2.7\swagger-models-jakarta-2.2.7.jar;C:\Users\hama\.m2\repository\jakarta\validation\jakarta.validation-api\3.0.2\jakarta.validation-api-3.0.2.jar;C:\Users\hama\.m2\repository\com\fasterxml\jackson\dataformat\jackson-dataformat-yaml\2.15.2\jackson-dataformat-yaml-2.15.2.jar;C:\Users\hama\.m2\repository\org\webjars\swagger-ui\4.15.5\swagger-ui-4.15.5.jar;C:\Users\hama\.m2\repository\org\webjars\webjars-locator-core\0.52\webjars-locator-core-0.52.jar;C:\Users\hama\.m2\repository\io\github\classgraph\classgraph\4.8.149\classgraph-4.8.149.jar;C:\Users\hama\.m2\repository\org\springframework\boot\spring-boot-devtools\3.1.3\spring-boot-devtools-3.1.3.jar;C:\Users\hama\.m2\repository\org\springframework\boot\spring-boot\3.1.3\spring-boot-3.1.3.jar;C:\Users\hama\.m2\repository\org\springframework\boot\spring-boot-autoconfigure\3.1.3\spring-boot-autoconfigure-3.1.3.jar;C:\Users\hama\.m2\repository\com\mysql\mysql-connector-j\8.0.33\mysql-connector-j-8.0.33.jar;C:\Users\hama\.m2\repository\org\projectlombok\lombok\1.18.28\lombok-1.18.28.jar;C:\Users\hama\.m2\repository\org\springframework\boot\spring-boot-starter-test\3.1.3\spring-boot-starter-test-3.1.3.jar;C:\Users\hama\.m2\repository\org\springframework\boot\spring-boot-test\3.1.3\spring-boot-test-3.1.3.jar;C:\Users\hama\.m2\repository\org\springframework\boot\spring-boot-test-autoconfigure\3.1.3\spring-boot-test-autoconfigure-3.1.3.jar;C:\Users\hama\.m2\repository\com\jayway\jsonpath\json-path\2.8.0\json-path-2.8.0.jar;C:\Users\hama\.m2\repository\jakarta\xml\bind\jakarta.xml.bind-api\4.0.0\jakarta.xml.bind-api-4.0.0.jar;C:\Users\hama\.m2\repository\jakarta\activation\jakarta.activation-api\2.1.2\jakarta.activation-api-2.1.2.jar;C:\Users\hama\.m2\repository\net\minidev\json-smart\2.4.11\json-smart-2.4.11.jar;C:\Users\hama\.m2\repository\net\minidev\accessors-smart\2.4.11\accessors-smart-2.4.11.jar;C:\Users\hama\.m2\repository\org\assertj\assertj-core\3.24.2\assertj-core-3.24.2.jar;C:\Users\hama\.m2\repository\org\hamcrest\hamcrest\2.2\hamcrest-2.2.jar;C:\Users\hama\.m2\repository\org\skyscreamer\jsonassert\1.5.1\jsonassert-1.5.1.jar;C:\Users\hama\.m2\repository\com\vaadin\external\google\android-json\0.0.20131108.vaadin1\android-json-0.0.20131108.vaadin1.jar;C:\Users\hama\.m2\repository\org\springframework\spring-core\6.0.11\spring-core-6.0.11.jar;C:\Users\hama\.m2\repository\org\springframework\spring-jcl\6.0.11\spring-jcl-6.0.11.jar;C:\Users\hama\.m2\repository\org\springframework\spring-test\6.0.11\spring-test-6.0.11.jar;C:\Users\hama\.m2\repository\org\xmlunit\xmlunit-core\2.9.1\xmlunit-core-2.9.1.jar;C:\Users\hama\.m2\repository\org\junit\jupiter\junit-jupiter\5.9.3\junit-jupiter-5.9.3.jar;C:\Users\hama\.m2\repository\org\junit\jupiter\junit-jupiter-api\5.9.3\junit-jupiter-api-5.9.3.jar;C:\Users\hama\.m2\repository\org\opentest4j\opentest4j\1.2.0\opentest4j-1.2.0.jar;C:\Users\hama\.m2\repository\org\junit\platform\junit-platform-commons\1.9.3\junit-platform-commons-1.9.3.jar;C:\Users\hama\.m2\repository\org\apiguardian\apiguardian-api\1.1.2\apiguardian-api-1.1.2.jar;C:\Users\hama\.m2\repository\org\junit\jupiter\junit-jupiter-params\5.9.3\junit-jupiter-params-5.9.3.jar;C:\Users\hama\.m2\repository\org\junit\jupiter\junit-jupiter-engine\5.9.3\junit-jupiter-engine-5.9.3.jar;C:\Users\hama\.m2\repository\org\junit\platform\junit-platform-engine\1.9.3\junit-platform-engine-1.9.3.jar;C:\Users\hama\.m2\repository\org\mockito\mockito-core\5.4.0\mockito-core-5.4.0.jar;C:\Users\hama\.m2\repository\net\bytebuddy\byte-buddy\1.14.6\byte-buddy-1.14.6.jar;C:\Users\hama\.m2\repository\net\bytebuddy\byte-buddy-agent\1.14.6\byte-buddy-agent-1.14.6.jar;C:\Users\hama\.m2\repository\org\objenesis\objenesis\3.3\objenesis-3.3.jar;C:\Users\hama\.m2\repository\org\mockito\mockito-junit-jupiter\5.4.0\mockito-junit-jupiter-5.4.0.jar;C:\Users\hama\.m2\repository\com\h2database\h2\2.1.214\h2-2.1.214.jar;C:\Users\hama\.m2\repository\org\jacoco\jacoco-maven-plugin\0.8.11\jacoco-maven-plugin-0.8.11.jar;C:\Users\hama\.m2\repository\org\codehaus\plexus\plexus-utils\3.0.24\plexus-utils-3.0.24.jar;C:\Users\hama\.m2\repository\org\apache\maven\shared\file-management\3.1.0\file-management-3.1.0.jar;C:\Users\hama\.m2\repository\commons-io\commons-io\2.11.0\commons-io-2.11.0.jar;C:\Users\hama\.m2\repository\org\apache\maven\reporting\maven-reporting-api\3.0\maven-reporting-api-3.0.jar;C:\Users\hama\.m2\repository\org\apache\maven\doxia\doxia-sink-api\1.0\doxia-sink-api-1.0.jar;C:\Users\hama\.m2\repository\org\jacoco\org.jacoco.agent\0.8.11\org.jacoco.agent-0.8.11-runtime.jar;C:\Users\hama\.m2\repository\org\jacoco\org.jacoco.core\0.8.11\org.jacoco.core-0.8.11.jar;C:\Users\hama\.m2\repository\org\ow2\asm\asm\9.6\asm-9.6.jar;C:\Users\hama\.m2\repository\org\ow2\asm\asm-commons\9.6\asm-commons-9.6.jar;C:\Users\hama\.m2\repository\org\ow2\asm\asm-tree\9.6\asm-tree-9.6.jar;C:\Users\hama\.m2\repository\org\jacoco\org.jacoco.report\0.8.11\org.jacoco.report-0.8.11.jar;"/>
    <property name="java.vm.vendor" value="Oracle Corporation"/>
    <property name="sun.arch.data.model" value="64"/>
    <property name="user.variant" value=""/>
    <property name="java.vendor.url" value="https://java.oracle.com/"/>
    <property name="user.timezone" value="Africa/Sao_Tome"/>
    <property name="org.jboss.logging.provider" value="slf4j"/>
    <property name="user.country.format" value="TN"/>
    <property name="os.name" value="Windows 11"/>
    <property name="java.vm.specification.version" value="20"/>
    <property name="sun.java.launcher" value="SUN_STANDARD"/>
    <property name="user.country" value="FR"/>
    <property name="sun.boot.library.path" value="C:\Program Files\Java\jdk-20\bin"/>
    <property name="sun.java.command" value="C:\Users\hama\AppData\Local\Temp\surefire1637686314833640961\surefirebooter-20241108093259588_3.jar C:\Users\hama\AppData\Local\Temp\surefire1637686314833640961 2024-11-08T09-32-59_362-jvmRun1 surefire-20241108093259588_1tmp surefire_0-20241108093259588_2tmp"/>
    <property name="jdk.debug" value="release"/>
    <property name="surefire.test.class.path" value="C:\Users\hama\Desktop\Tp-Foyer\target\test-classes;C:\Users\hama\Desktop\Tp-Foyer\target\classes;C:\Users\hama\.m2\repository\org\springframework\boot\spring-boot-starter-data-jpa\3.1.3\spring-boot-starter-data-jpa-3.1.3.jar;C:\Users\hama\.m2\repository\org\springframework\boot\spring-boot-starter-aop\3.1.3\spring-boot-starter-aop-3.1.3.jar;C:\Users\hama\.m2\repository\org\springframework\spring-aop\6.0.11\spring-aop-6.0.11.jar;C:\Users\hama\.m2\repository\org\aspectj\aspectjweaver\1.9.20\aspectjweaver-1.9.20.jar;C:\Users\hama\.m2\repository\org\springframework\boot\spring-boot-starter-jdbc\3.1.3\spring-boot-starter-jdbc-3.1.3.jar;C:\Users\hama\.m2\repository\com\zaxxer\HikariCP\5.0.1\HikariCP-5.0.1.jar;C:\Users\hama\.m2\repository\org\springframework\spring-jdbc\6.0.11\spring-jdbc-6.0.11.jar;C:\Users\hama\.m2\repository\org\hibernate\orm\hibernate-core\6.2.7.Final\hibernate-core-6.2.7.Final.jar;C:\Users\hama\.m2\repository\jakarta\persistence\jakarta.persistence-api\3.1.0\jakarta.persistence-api-3.1.0.jar;C:\Users\hama\.m2\repository\jakarta\transaction\jakarta.transaction-api\2.0.1\jakarta.transaction-api-2.0.1.jar;C:\Users\hama\.m2\repository\org\jboss\logging\jboss-logging\3.5.3.Final\jboss-logging-3.5.3.Final.jar;C:\Users\hama\.m2\repository\org\hibernate\common\hibernate-commons-annotations\6.0.6.Final\hibernate-commons-annotations-6.0.6.Final.jar;C:\Users\hama\.m2\repository\io\smallrye\jandex\3.0.5\jandex-3.0.5.jar;C:\Users\hama\.m2\repository\com\fasterxml\classmate\1.5.1\classmate-1.5.1.jar;C:\Users\hama\.m2\repository\org\glassfish\jaxb\jaxb-runtime\4.0.3\jaxb-runtime-4.0.3.jar;C:\Users\hama\.m2\repository\org\glassfish\jaxb\jaxb-core\4.0.3\jaxb-core-4.0.3.jar;C:\Users\hama\.m2\repository\org\eclipse\angus\angus-activation\2.0.1\angus-activation-2.0.1.jar;C:\Users\hama\.m2\repository\org\glassfish\jaxb\txw2\4.0.3\txw2-4.0.3.jar;C:\Users\hama\.m2\repository\com\sun\istack\istack-commons-runtime\4.1.2\istack-commons-runtime-4.1.2.jar;C:\Users\hama\.m2\repository\jakarta\inject\jakarta.inject-api\2.0.1\jakarta.inject-api-2.0.1.jar;C:\Users\hama\.m2\repository\org\antlr\antlr4-runtime\4.10.1\antlr4-runtime-4.10.1.jar;C:\Users\hama\.m2\repository\org\springframework\data\spring-data-jpa\3.1.3\spring-data-jpa-3.1.3.jar;C:\Users\hama\.m2\repository\org\springframework\data\spring-data-commons\3.1.3\spring-data-commons-3.1.3.jar;C:\Users\hama\.m2\repository\org\springframework\spring-orm\6.0.11\spring-orm-6.0.11.jar;C:\Users\hama\.m2\repository\org\springframework\spring-context\6.0.11\spring-context-6.0.11.jar;C:\Users\hama\.m2\repository\org\springframework\spring-tx\6.0.11\spring-tx-6.0.11.jar;C:\Users\hama\.m2\repository\org\springframework\spring-beans\6.0.11\spring-beans-6.0.11.jar;C:\Users\hama\.m2\repository\jakarta\annotation\jakarta.annotation-api\2.1.1\jakarta.annotation-api-2.1.1.jar;C:\Users\hama\.m2\repository\org\slf4j\slf4j-api\2.0.7\slf4j-api-2.0.7.jar;C:\Users\hama\.m2\repository\org\springframework\spring-aspects\6.0.11\spring-aspects-6.0.11.jar;C:\Users\hama\.m2\repository\org\springframework\boot\spring-boot-starter-web\3.1.3\spring-boot-starter-web-3.1.3.jar;C:\Users\hama\.m2\repository\org\springframework\boot\spring-boot-starter\3.1.3\spring-boot-starter-3.1.3.jar;C:\Users\hama\.m2\repository\org\springframework\boot\spring-boot-starter-logging\3.1.3\spring-boot-starter-logging-3.1.3.jar;C:\Users\hama\.m2\repository\ch\qos\logback\logback-classic\1.4.11\logback-classic-1.4.11.jar;C:\Users\hama\.m2\repository\ch\qos\logback\logback-core\1.4.11\logback-core-1.4.11.jar;C:\Users\hama\.m2\repository\org\apache\logging\log4j\log4j-to-slf4j\2.20.0\log4j-to-slf4j-2.20.0.jar;C:\Users\hama\.m2\repository\org\apache\logging\log4j\log4j-api\2.20.0\log4j-api-2.20.0.jar;C:\Users\hama\.m2\repository\org\slf4j\jul-to-slf4j\2.0.7\jul-to-slf4j-2.0.7.jar;C:\Users\hama\.m2\repository\org\yaml\snakeyaml\1.33\snakeyaml-1.33.jar;C:\Users\hama\.m2\repository\org\springframework\boot\spring-boot-starter-json\3.1.3\spring-boot-starter-json-3.1.3.jar;C:\Users\hama\.m2\repository\com\fasterxml\jackson\core\jackson-databind\2.15.2\jackson-databind-2.15.2.jar;C:\Users\hama\.m2\repository\com\fasterxml\jackson\core\jackson-annotations\2.15.2\jackson-annotations-2.15.2.jar;C:\Users\hama\.m2\repository\com\fasterxml\jackson\core\jackson-core\2.15.2\jackson-core-2.15.2.jar;C:\Users\hama\.m2\repository\com\fasterxml\jackson\datatype\jackson-datatype-jdk8\2.15.2\jackson-datatype-jdk8-2.15.2.jar;C:\Users\hama\.m2\repository\com\fasterxml\jackson\datatype\jackson-datatype-jsr310\2.15.2\jackson-datatype-jsr310-2.15.2.jar;C:\Users\hama\.m2\repository\com\fasterxml\jackson\module\jackson-module-parameter-names\2.15.2\jackson-module-parameter-names-2.15.2.jar;C:\Users\hama\.m2\repository\org\springframework\boot\spring-boot-starter-tomcat\3.1.3\spring-boot-starter-tomcat-3.1.3.jar;C:\Users\hama\.m2\repository\org\apache\tomcat\embed\tomcat-embed-core\10.1.12\tomcat-embed-core-10.1.12.jar;C:\Users\hama\.m2\repository\org\apache\tomcat\embed\tomcat-embed-el\10.1.12\tomcat-embed-el-10.1.12.jar;C:\Users\hama\.m2\repository\org\apache\tomcat\embed\tomcat-embed-websocket\10.1.12\tomcat-embed-websocket-10.1.12.jar;C:\Users\hama\.m2\repository\org\springframework\spring-web\6.0.11\spring-web-6.0.11.jar;C:\Users\hama\.m2\repository\io\micrometer\micrometer-observation\1.11.3\micrometer-observation-1.11.3.jar;C:\Users\hama\.m2\repository\io\micrometer\micrometer-commons\1.11.3\micrometer-commons-1.11.3.jar;C:\Users\hama\.m2\repository\org\springframework\spring-webmvc\6.0.11\spring-webmvc-6.0.11.jar;C:\Users\hama\.m2\repository\org\springframework\spring-expression\6.0.11\spring-expression-6.0.11.jar;C:\Users\hama\.m2\repository\org\springdoc\springdoc-openapi-starter-webmvc-ui\2.0.0\springdoc-openapi-starter-webmvc-ui-2.0.0.jar;C:\Users\hama\.m2\repository\org\springdoc\springdoc-openapi-starter-webmvc-api\2.0.0\springdoc-openapi-starter-webmvc-api-2.0.0.jar;C:\Users\hama\.m2\repository\org\springdoc\springdoc-openapi-starter-common\2.0.0\springdoc-openapi-starter-common-2.0.0.jar;C:\Users\hama\.m2\repository\io\swagger\core\v3\swagger-core-jakarta\2.2.7\swagger-core-jakarta-2.2.7.jar;C:\Users\hama\.m2\repository\org\apache\commons\commons-lang3\3.12.0\commons-lang3-3.12.0.jar;C:\Users\hama\.m2\repository\io\swagger\core\v3\swagger-annotations-jakarta\2.2.7\swagger-annotations-jakarta-2.2.7.jar;C:\Users\hama\.m2\repository\io\swagger\core\v3\swagger-models-jakarta\2.2.7\swagger-models-jakarta-2.2.7.jar;C:\Users\hama\.m2\repository\jakarta\validation\jakarta.validation-api\3.0.2\jakarta.validation-api-3.0.2.jar;C:\Users\hama\.m2\repository\com\fasterxml\jackson\dataformat\jackson-dataformat-yaml\2.15.2\jackson-dataformat-yaml-2.15.2.jar;C:\Users\hama\.m2\repository\org\webjars\swagger-ui\4.15.5\swagger-ui-4.15.5.jar;C:\Users\hama\.m2\repository\org\webjars\webjars-locator-core\0.52\webjars-locator-core-0.52.jar;C:\Users\hama\.m2\repository\io\github\classgraph\classgraph\4.8.149\classgraph-4.8.149.jar;C:\Users\hama\.m2\repository\org\springframework\boot\spring-boot-devtools\3.1.3\spring-boot-devtools-3.1.3.jar;C:\Users\hama\.m2\repository\org\springframework\boot\spring-boot\3.1.3\spring-boot-3.1.3.jar;C:\Users\hama\.m2\repository\org\springframework\boot\spring-boot-autoconfigure\3.1.3\spring-boot-autoconfigure-3.1.3.jar;C:\Users\hama\.m2\repository\com\mysql\mysql-connector-j\8.0.33\mysql-connector-j-8.0.33.jar;C:\Users\hama\.m2\repository\org\projectlombok\lombok\1.18.28\lombok-1.18.28.jar;C:\Users\hama\.m2\repository\org\springframework\boot\spring-boot-starter-test\3.1.3\spring-boot-starter-test-3.1.3.jar;C:\Users\hama\.m2\repository\org\springframework\boot\spring-boot-test\3.1.3\spring-boot-test-3.1.3.jar;C:\Users\hama\.m2\repository\org\springframework\boot\spring-boot-test-autoconfigure\3.1.3\spring-boot-test-autoconfigure-3.1.3.jar;C:\Users\hama\.m2\repository\com\jayway\jsonpath\json-path\2.8.0\json-path-2.8.0.jar;C:\Users\hama\.m2\repository\jakarta\xml\bind\jakarta.xml.bind-api\4.0.0\jakarta.xml.bind-api-4.0.0.jar;C:\Users\hama\.m2\repository\jakarta\activation\jakarta.activation-api\2.1.2\jakarta.activation-api-2.1.2.jar;C:\Users\hama\.m2\repository\net\minidev\json-smart\2.4.11\json-smart-2.4.11.jar;C:\Users\hama\.m2\repository\net\minidev\accessors-smart\2.4.11\accessors-smart-2.4.11.jar;C:\Users\hama\.m2\repository\org\assertj\assertj-core\3.24.2\assertj-core-3.24.2.jar;C:\Users\hama\.m2\repository\org\hamcrest\hamcrest\2.2\hamcrest-2.2.jar;C:\Users\hama\.m2\repository\org\skyscreamer\jsonassert\1.5.1\jsonassert-1.5.1.jar;C:\Users\hama\.m2\repository\com\vaadin\external\google\android-json\0.0.20131108.vaadin1\android-json-0.0.20131108.vaadin1.jar;C:\Users\hama\.m2\repository\org\springframework\spring-core\6.0.11\spring-core-6.0.11.jar;C:\Users\hama\.m2\repository\org\springframework\spring-jcl\6.0.11\spring-jcl-6.0.11.jar;C:\Users\hama\.m2\repository\org\springframework\spring-test\6.0.11\spring-test-6.0.11.jar;C:\Users\hama\.m2\repository\org\xmlunit\xmlunit-core\2.9.1\xmlunit-core-2.9.1.jar;C:\Users\hama\.m2\repository\org\junit\jupiter\junit-jupiter\5.9.3\junit-jupiter-5.9.3.jar;C:\Users\hama\.m2\repository\org\junit\jupiter\junit-jupiter-api\5.9.3\junit-jupiter-api-5.9.3.jar;C:\Users\hama\.m2\repository\org\opentest4j\opentest4j\1.2.0\opentest4j-1.2.0.jar;C:\Users\hama\.m2\repository\org\junit\platform\junit-platform-commons\1.9.3\junit-platform-commons-1.9.3.jar;C:\Users\hama\.m2\repository\org\apiguardian\apiguardian-api\1.1.2\apiguardian-api-1.1.2.jar;C:\Users\hama\.m2\repository\org\junit\jupiter\junit-jupiter-params\5.9.3\junit-jupiter-params-5.9.3.jar;C:\Users\hama\.m2\repository\org\junit\jupiter\junit-jupiter-engine\5.9.3\junit-jupiter-engine-5.9.3.jar;C:\Users\hama\.m2\repository\org\junit\platform\junit-platform-engine\1.9.3\junit-platform-engine-1.9.3.jar;C:\Users\hama\.m2\repository\org\mockito\mockito-core\5.4.0\mockito-core-5.4.0.jar;C:\Users\hama\.m2\repository\net\bytebuddy\byte-buddy\1.14.6\byte-buddy-1.14.6.jar;C:\Users\hama\.m2\repository\net\bytebuddy\byte-buddy-agent\1.14.6\byte-buddy-agent-1.14.6.jar;C:\Users\hama\.m2\repository\org\objenesis\objenesis\3.3\objenesis-3.3.jar;C:\Users\hama\.m2\repository\org\mockito\mockito-junit-jupiter\5.4.0\mockito-junit-jupiter-5.4.0.jar;C:\Users\hama\.m2\repository\com\h2database\h2\2.1.214\h2-2.1.214.jar;C:\Users\hama\.m2\repository\org\jacoco\jacoco-maven-plugin\0.8.11\jacoco-maven-plugin-0.8.11.jar;C:\Users\hama\.m2\repository\org\codehaus\plexus\plexus-utils\3.0.24\plexus-utils-3.0.24.jar;C:\Users\hama\.m2\repository\org\apache\maven\shared\file-management\3.1.0\file-management-3.1.0.jar;C:\Users\hama\.m2\repository\commons-io\commons-io\2.11.0\commons-io-2.11.0.jar;C:\Users\hama\.m2\repository\org\apache\maven\reporting\maven-reporting-api\3.0\maven-reporting-api-3.0.jar;C:\Users\hama\.m2\repository\org\apache\maven\doxia\doxia-sink-api\1.0\doxia-sink-api-1.0.jar;C:\Users\hama\.m2\repository\org\jacoco\org.jacoco.agent\0.8.11\org.jacoco.agent-0.8.11-runtime.jar;C:\Users\hama\.m2\repository\org\jacoco\org.jacoco.core\0.8.11\org.jacoco.core-0.8.11.jar;C:\Users\hama\.m2\repository\org\ow2\asm\asm\9.6\asm-9.6.jar;C:\Users\hama\.m2\repository\org\ow2\asm\asm-commons\9.6\asm-commons-9.6.jar;C:\Users\hama\.m2\repository\org\ow2\asm\asm-tree\9.6\asm-tree-9.6.jar;C:\Users\hama\.m2\repository\org\jacoco\org.jacoco.report\0.8.11\org.jacoco.report-0.8.11.jar;"/>
    <property name="sun.cpu.endian" value="little"/>
    <property name="user.home" value="C:\Users\hama"/>
    <property name="user.language" value="fr"/>
    <property name="java.specification.vendor" value="Oracle Corporation"/>
    <property name="java.version.date" value="2023-07-18"/>
    <property name="java.home" value="C:\Program Files\Java\jdk-20"/>
    <property name="file.separator" value="\"/>
    <property name="basedir" value="C:\Users\hama\Desktop\Tp-Foyer"/>
    <property name="java.vm.compressedOopsMode" value="32-bit"/>
    <property name="line.separator" value="&#10;"/>
    <property name="java.vm.specification.vendor" value="Oracle Corporation"/>
    <property name="java.specification.name" value="Java Platform API Specification"/>
    <property name="FILE_LOG_CHARSET" value="UTF-8"/>
    <property name="java.awt.headless" value="true"/>
    <property name="surefire.real.class.path" value="C:\Users\hama\AppData\Local\Temp\surefire1637686314833640961\surefirebooter-20241108093259588_3.jar"/>
    <property name="user.script" value=""/>
    <property name="sun.management.compiler" value="HotSpot 64-Bit Tiered Compilers"/>
    <property name="java.runtime.version" value="20.0.2+9-78"/>
    <property name="user.name" value="hama"/>
    <property name="stdout.encoding" value="Cp1252"/>
    <property name="path.separator" value=";"/>
    <property name="os.version" value="10.0"/>
    <property name="java.runtime.name" value="Java(TM) SE Runtime Environment"/>
    <property name="file.encoding" value="UTF-8"/>
    <property name="java.vm.name" value="Java HotSpot(TM) 64-Bit Server VM"/>
    <property name="localRepository" value="C:\Users\hama\.m2\repository"/>
    <property name="java.vendor.url.bug" value="https://bugreport.java.com/bugreport/"/>
    <property name="java.io.tmpdir" value="C:\Users\hama\AppData\Local\Temp\"/>
    <property name="com.zaxxer.hikari.pool_number" value="1"/>
    <property name="java.version" value="20.0.2"/>
    <property name="user.dir" value="C:\Users\hama\Desktop\Tp-Foyer"/>
    <property name="os.arch" value="amd64"/>
    <property name="java.vm.specification.name" value="Java Virtual Machine Specification"/>
    <property name="PID" value="15840"/>
    <property name="sun.os.patch.level" value=""/>
    <property name="CONSOLE_LOG_CHARSET" value="UTF-8"/>
    <property name="native.encoding" value="Cp1252"/>
    <property name="java.library.path" value="C:\Program Files\Java\jdk-20\bin;C:\WINDOWS\Sun\Java\bin;C:\WINDOWS\system32;C:\WINDOWS;C:\oraclexe\app\oracle\product\10.2.0\server\bin;C:\Program Files\Common Files\Oracle\Java\javapath;C:\Program Files\Common Files\Siemens\Automation\Simatic OAM\bin;C:\Program Files (x86)\Common Files\Oracle\Java\javapath;C:\oraclexe\app\oracle\product\11.2.0\server\bin;C:\WINDOWS\system32;C:\WINDOWS;C:\WINDOWS\System32\Wbem;C:\WINDOWS\System32\WindowsPowerShell\v1.0\;C:\WINDOWS\System32\OpenSSH\;C:\Program Files (x86)\Windows Kits\8.1\Windows Performance Toolkit\;C:\Users\hama\Desktop\xammpS\php;C:\ProgramData\ComposerSetup\bin;C:\Users\hama\Desktop\xammpS\php;C:\Program Files\MATLAB\R2023b\bin;C:\Program Files\nodejs\;C:\Program Files\Microsoft SQL Server\150\Tools\Binn\;C:\Program Files\Microsoft SQL Server\Client SDK\ODBC\170\Tools\Binn\;C:\Program Files\dotnet\;C:\Users\hama\Downloads\php-8.3.9;C:\xampp\php-8.3.9;C:\xampp\php-8.1.29-nts-Win32-vs16-x64;C:\Program Files\Vagrant\bin;C:\Program Files\Git\cmd;C:\Program Files\Git\mingw64\bin;C:\Program Files\Git\usr\bin;C:\Program Files\Docker\Docker\resources\bin;C:\Program Files\apache-maven-3.9.9\bin;C:\Users\hama\AppData\Local\Programs\Python\Python312\Scripts\;C:\Users\hama\AppData\Local\Programs\Python\Python312\;C:\Users\hama\scoop\shims;C:\Users\hama\AppData\Local\Microsoft\WindowsApps;C:\Users\hama\AppData\Roaming\Composer\vendor\bin;C:\Users\hama;C:\Users\hama\AppData\Local\Programs\Microsoft VS Code\bin;C:\Users\hama\Desktop\xammpS;C:\Users\hama\Desktop\xammpS\perl\lib\autodie\Scope;C:\Users\hama\scoop;C:\Users\hama\Desktop\xammpS\phpMyAdmin\vendor\symfony;C:\Users\hama\Downloads\xampp\php;C:\Users\hama\AppData\Roaming\npm;C:\Users\hama\.dotnet\tools;C:\Users\hama\AppData\Local\GitHubDesktop\bin;C:\Users\hama\Downloads\php-8.3.9\php-8.3.9;c:\xampp\php;C:\ProgramData\Microsoft\Windows\Start Menu\Programs\Oracle VirtualBox\Oracle VirtualBox.lnk;;."/>
    <property name="java.vm.info" value="mixed mode, sharing"/>
    <property name="stderr.encoding" value="Cp1252"/>
    <property name="java.vendor" value="Oracle Corporation"/>
    <property name="java.vm.version" value="20.0.2+9-78"/>
    <property name="sun.io.unicode.encoding" value="UnicodeLittle"/>
    <property name="java.class.version" value="64.0"/>
  </properties>
  <testcase name="testUpdateUniversity" classname="tn.esprit.tpfoyer17.JunitTest" time="1.008">
    <system-out><![CDATA[09:33:01.554 [main] INFO org.springframework.test.context.support.AnnotationConfigContextLoaderUtils -- Could not detect default configuration classes for test class [tn.esprit.tpfoyer17.JunitTest]: JunitTest does not declare any static, non-private, non-final, nested classes annotated with @Configuration.
09:33:01.853 [main] INFO org.springframework.boot.test.context.SpringBootTestContextBootstrapper -- Found @SpringBootConfiguration tn.esprit.tpfoyer17.TpFoyer17Application for test class tn.esprit.tpfoyer17.JunitTest

  .   ____          _            __ _ _
 /\\ / ___'_ __ _ _(_)_ __  __ _ \ \ \ \
( ( )\___ | '_ | '_| | '_ \/ _` | \ \ \ \
 \\/  ___)| |_)| | | | | || (_| |  ) ) ) )
  '  |____| .__|_| |_|_| |_\__, | / / / /
 =========|_|==============|___/=/_/_/_/
 :: Spring Boot ::                (v3.1.3)

2024-11-08T09:33:02.857Z  INFO 15840 --- [           main] tn.esprit.tpfoyer17.JunitTest            : Starting JunitTest using Java 20.0.2 with PID 15840 (started by hama in C:\Users\hama\Desktop\Tp-Foyer)
2024-11-08T09:33:02.861Z  INFO 15840 --- [           main] tn.esprit.tpfoyer17.JunitTest            : No active profile set, falling back to 1 default profile: "default"
2024-11-08T09:33:04.405Z  INFO 15840 --- [           main] .s.d.r.c.RepositoryConfigurationDelegate : Bootstrapping Spring Data JPA repositories in DEFAULT mode.
2024-11-08T09:33:04.543Z  INFO 15840 --- [           main] .s.d.r.c.RepositoryConfigurationDelegate : Finished Spring Data repository scanning in 121 ms. Found 6 JPA repository interfaces.
2024-11-08T09:33:05.404Z  INFO 15840 --- [           main] o.hibernate.jpa.internal.util.LogHelper  : HHH000204: Processing PersistenceUnitInfo [name: default]
2024-11-08T09:33:05.553Z  INFO 15840 --- [           main] org.hibernate.Version                    : HHH000412: Hibernate ORM core version 6.2.7.Final
2024-11-08T09:33:05.557Z  INFO 15840 --- [           main] org.hibernate.cfg.Environment            : HHH000406: Using bytecode reflection optimizer
2024-11-08T09:33:05.983Z  INFO 15840 --- [           main] o.h.b.i.BytecodeProviderInitiator        : HHH000021: Bytecode provider name : bytebuddy
2024-11-08T09:33:06.291Z  INFO 15840 --- [           main] o.s.o.j.p.SpringPersistenceUnitInfo      : No LoadTimeWeaver setup: ignoring JPA class transformer
2024-11-08T09:33:06.331Z  INFO 15840 --- [           main] com.zaxxer.hikari.HikariDataSource       : HikariPool-1 - Starting...
2024-11-08T09:33:06.925Z  INFO 15840 --- [           main] com.zaxxer.hikari.pool.HikariPool        : HikariPool-1 - Added connection conn0: url=jdbc:h2:mem:testdb user=SA
2024-11-08T09:33:06.928Z  INFO 15840 --- [           main] com.zaxxer.hikari.HikariDataSource       : HikariPool-1 - Start completed.
2024-11-08T09:33:07.554Z  INFO 15840 --- [           main] o.h.b.i.BytecodeProviderInitiator        : HHH000021: Bytecode provider name : bytebuddy
2024-11-08T09:33:08.979Z  INFO 15840 --- [           main] o.h.e.t.j.p.i.JtaPlatformInitiator       : HHH000490: Using JtaPlatform implementation: [org.hibernate.engine.transaction.jta.platform.internal.NoJtaPlatform]
Hibernate: create table bloc (id_bloc bigint generated by default as identity, capacite_bloc bigint not null, nom_bloc varchar(255), foyer_id_foyer bigint, primary key (id_bloc))
Hibernate: create table chambre (id_chambre bigint generated by default as identity, numero_chambre bigint not null, type_chambre varchar(255) check (type_chambre in ('SIMPLE','DOUBLE','TRIPLE')), bloc_id_bloc bigint, primary key (id_chambre))
Hibernate: create table chambre_reservations (chambre_id_chambre bigint not null, reservations_id_reservation varchar(255) not null, primary key (chambre_id_chambre, reservations_id_reservation))
Hibernate: create table etudiant (id_etudiant bigint generated by default as identity, cin_etudiant bigint not null, date_naissance timestamp(6), nom_etudiant varchar(255), prenom_etudiant varchar(255), primary key (id_etudiant))
Hibernate: create table foyer (id_foyer bigint generated by default as identity, capacite_foyer bigint not null, nom_foyer varchar(255), primary key (id_foyer))
Hibernate: create table reservation (id_reservation varchar(255) not null, annee_universitaire date, est_valide boolean not null, primary key (id_reservation))
Hibernate: create table reservation_etudiants (reservations_id_reservation varchar(255) not null, etudiants_id_etudiant bigint not null, primary key (reservations_id_reservation, etudiants_id_etudiant))
Hibernate: create table universite (id_universite bigint generated by default as identity, adresse varchar(255), nom_universite varchar(255), foyer_id_foyer bigint, primary key (id_universite))
Hibernate: alter table if exists chambre_reservations drop constraint if exists UK_lhhok2kyd975dqwp4cuo2w6df
Hibernate: alter table if exists chambre_reservations add constraint UK_lhhok2kyd975dqwp4cuo2w6df unique (reservations_id_reservation)
Hibernate: alter table if exists universite drop constraint if exists UK_shp3tdxapicb48phb2shb39gu
Hibernate: alter table if exists universite add constraint UK_shp3tdxapicb48phb2shb39gu unique (foyer_id_foyer)
Hibernate: alter table if exists bloc add constraint FKrlx3b5jtde0ftmmrcqbifn0pt foreign key (foyer_id_foyer) references foyer
Hibernate: alter table if exists chambre add constraint FKe3jmwbj3ohvcd61fqhgivoe9j foreign key (bloc_id_bloc) references bloc
Hibernate: alter table if exists chambre_reservations add constraint FKhx2j8u5cpdmo8pptjvnsjqwma foreign key (reservations_id_reservation) references reservation
Hibernate: alter table if exists chambre_reservations add constraint FKqy33yndadmosa4l31qk6v3vm2 foreign key (chambre_id_chambre) references chambre
Hibernate: alter table if exists reservation_etudiants add constraint FK53dc9htdv7ne29h80i08urcqv foreign key (etudiants_id_etudiant) references etudiant
Hibernate: alter table if exists reservation_etudiants add constraint FKr9q9iw0kkhggmvjpnlv00h385 foreign key (reservations_id_reservation) references reservation
Hibernate: alter table if exists universite add constraint FK2b4r95emuv9ea1064hjqxpqq foreign key (foyer_id_foyer) references foyer
2024-11-08T09:33:09.157Z  INFO 15840 --- [           main] j.LocalContainerEntityManagerFactoryBean : Initialized JPA EntityManagerFactory for persistence unit 'default'
2024-11-08T09:33:09.822Z  INFO 15840 --- [           main] o.s.d.j.r.query.QueryEnhancerFactory     : Hibernate is in classpath; If applicable, HQL parser will be used.
2024-11-08T09:33:11.238Z  WARN 15840 --- [           main] JpaBaseConfiguration$JpaWebConfiguration : spring.jpa.open-in-view is enabled by default. Therefore, database queries may be performed during view rendering. Explicitly configure spring.jpa.open-in-view to disable this warning
2024-11-08T09:33:12.877Z  INFO 15840 --- [           main] tn.esprit.tpfoyer17.JunitTest            : Started JunitTest in 10.641 seconds (process running for 13.083)
Hibernate: insert into universite (adresse,foyer_id_foyer,nom_universite,id_universite) values (?,?,?,default)
Hibernate: select u1_0.id_universite,u1_0.adresse,f1_0.id_foyer,b1_0.foyer_id_foyer,b1_0.id_bloc,b1_0.capacite_bloc,b1_0.nom_bloc,f1_0.capacite_foyer,f1_0.nom_foyer,u1_0.nom_universite from universite u1_0 left join foyer f1_0 on f1_0.id_foyer=u1_0.foyer_id_foyer left join bloc b1_0 on f1_0.id_foyer=b1_0.foyer_id_foyer where u1_0.id_universite=?
Hibernate: update universite set adresse=?,foyer_id_foyer=?,nom_universite=? where id_universite=?
]]></system-out>
  </testcase>
  <testcase name="testRetrieveUniversity" classname="tn.esprit.tpfoyer17.JunitTest" time="0.021">
    <system-out><![CDATA[Hibernate: insert into universite (adresse,foyer_id_foyer,nom_universite,id_universite) values (?,?,?,default)
Hibernate: select u1_0.id_universite,u1_0.adresse,f1_0.id_foyer,f1_0.capacite_foyer,f1_0.nom_foyer,u1_0.nom_universite from universite u1_0 left join foyer f1_0 on f1_0.id_foyer=u1_0.foyer_id_foyer where u1_0.id_universite=?
]]></system-out>
  </testcase>
  <testcase name="testDesaffecterFoyerAUniversite" classname="tn.esprit.tpfoyer17.JunitTest" time="0.011">
    <system-out><![CDATA[Hibernate: insert into universite (adresse,foyer_id_foyer,nom_universite,id_universite) values (?,?,?,default)
Hibernate: select u1_0.id_universite,u1_0.adresse,f1_0.id_foyer,f1_0.capacite_foyer,f1_0.nom_foyer,u1_0.nom_universite from universite u1_0 left join foyer f1_0 on f1_0.id_foyer=u1_0.foyer_id_foyer where u1_0.id_universite=?
Hibernate: select u1_0.id_universite,u1_0.adresse,f1_0.id_foyer,b1_0.foyer_id_foyer,b1_0.id_bloc,b1_0.capacite_bloc,b1_0.nom_bloc,f1_0.capacite_foyer,f1_0.nom_foyer,u1_0.nom_universite from universite u1_0 left join foyer f1_0 on f1_0.id_foyer=u1_0.foyer_id_foyer left join bloc b1_0 on f1_0.id_foyer=b1_0.foyer_id_foyer where u1_0.id_universite=?
]]></system-out>
  </testcase>
  <testcase name="testRetrieveAllUniversities" classname="tn.esprit.tpfoyer17.JunitTest" time="0.089">
    <system-out><![CDATA[Hibernate: select u1_0.id_universite,u1_0.adresse,u1_0.foyer_id_foyer,u1_0.nom_universite from universite u1_0
]]></system-out>
  </testcase>
  <testcase name="testAddUniversity" classname="tn.esprit.tpfoyer17.JunitTest" time="0.007">
    <system-out><![CDATA[Hibernate: insert into universite (adresse,foyer_id_foyer,nom_universite,id_universite) values (?,?,?,default)
]]></system-out>
  </testcase>
</testsuite>